<?xml version="1.0" encoding="UTF-8"?>
<!-- Generated by org.testng.reporters.JUnitReportReporter -->
<testsuite skipped="0" hostname="Amol" name="tests.ValidLoginTest" tests="1" failures="0" timestamp="2022-03-23T15:17:29 IST" time="20.043" errors="0">
  <testcase name="f" time="20.043" classname="tests.ValidLoginTest"/>
  <system-out/>
</testsuite> <!-- tests.ValidLoginTest -->
