<?xml version="1.0" encoding="UTF-8"?>
<!-- Generated by org.testng.reporters.JUnitReportReporter -->
<testsuite skipped="0" hostname="Amol" name="tests.TC_1" tests="1" failures="0" timestamp="2022-03-29T22:14:07 IST" time="52.477" errors="0">
  <testcase name="f" time="52.477" classname="tests.TC_1"/>
  <system-out/>
</testsuite> <!-- tests.TC_1 -->
